big data: 1
threadedCompositePipeline 1
numThreads: 1
noTbb: 0
/home/leo/pvdata/smooth.flash
Done reading AMR
time: 13.202 seconds
974628 polygons
big data: 1
threadedCompositePipeline 1
numThreads: 2
noTbb: 0
/home/leo/pvdata/smooth.flash
Done reading AMR
time: 6.97033 seconds
974628 polygons
big data: 1
threadedCompositePipeline 1
numThreads: 3
noTbb: 0
/home/leo/pvdata/smooth.flash
Done reading AMR
time: 4.80301 seconds
974628 polygons
big data: 1
threadedCompositePipeline 1
numThreads: 4
noTbb: 0
/home/leo/pvdata/smooth.flash
Done reading AMR
time: 3.69524 seconds
974628 polygons
big data: 1
threadedCompositePipeline 1
numThreads: 5
noTbb: 0
/home/leo/pvdata/smooth.flash
Done reading AMR
time: 3.22001 seconds
974628 polygons
big data: 1
threadedCompositePipeline 1
numThreads: 6
noTbb: 0
/home/leo/pvdata/smooth.flash
Done reading AMR
time: 2.91578 seconds
974628 polygons
big data: 1
threadedCompositePipeline 1
numThreads: 7
noTbb: 0
/home/leo/pvdata/smooth.flash
Done reading AMR
time: 2.61185 seconds
974628 polygons
big data: 1
threadedCompositePipeline 1
numThreads: 8
noTbb: 0
/home/leo/pvdata/smooth.flash
Done reading AMR
time: 2.45093 seconds
974628 polygons
