big data: 1
threadedCompositePipeline 1
numThreads: 1
noTbb: 0
/home/leo/pvdata/smooth.flash
Done reading AMR
time: 13.1876 seconds
974628 polygons
big data: 1
threadedCompositePipeline 1
numThreads: 2
noTbb: 0
/home/leo/pvdata/smooth.flash
Done reading AMR
time: 6.94774 seconds
974628 polygons
big data: 1
threadedCompositePipeline 1
numThreads: 3
noTbb: 0
/home/leo/pvdata/smooth.flash
Done reading AMR
time: 4.829 seconds
974628 polygons
big data: 1
threadedCompositePipeline 1
numThreads: 4
noTbb: 0
/home/leo/pvdata/smooth.flash
Done reading AMR
time: 3.71265 seconds
974628 polygons
big data: 1
threadedCompositePipeline 1
numThreads: 5
noTbb: 0
/home/leo/pvdata/smooth.flash
Done reading AMR
time: 3.20833 seconds
974628 polygons
big data: 1
threadedCompositePipeline 1
numThreads: 6
noTbb: 0
/home/leo/pvdata/smooth.flash
Done reading AMR
time: 2.87986 seconds
974628 polygons
big data: 1
threadedCompositePipeline 1
numThreads: 7
noTbb: 0
/home/leo/pvdata/smooth.flash
Done reading AMR
time: 2.60399 seconds
974628 polygons
big data: 1
threadedCompositePipeline 1
numThreads: 8
noTbb: 0
/home/leo/pvdata/smooth.flash
Done reading AMR
time: 2.41655 seconds
974628 polygons
