big data: 1
threadedCompositePipeline 1
numThreads: 1
noTbb: 0
/home/leo/pvdata/smooth.flash
Done reading AMR
time: 13.1558 seconds
974628 polygons
big data: 1
threadedCompositePipeline 1
numThreads: 2
noTbb: 0
/home/leo/pvdata/smooth.flash
Done reading AMR
time: 6.99162 seconds
974628 polygons
big data: 1
threadedCompositePipeline 1
numThreads: 3
noTbb: 0
/home/leo/pvdata/smooth.flash
Done reading AMR
time: 4.79085 seconds
974628 polygons
big data: 1
threadedCompositePipeline 1
numThreads: 4
noTbb: 0
/home/leo/pvdata/smooth.flash
Done reading AMR
time: 3.72196 seconds
974628 polygons
big data: 1
threadedCompositePipeline 1
numThreads: 5
noTbb: 0
/home/leo/pvdata/smooth.flash
Done reading AMR
time: 3.237 seconds
974628 polygons
big data: 1
threadedCompositePipeline 1
numThreads: 6
noTbb: 0
/home/leo/pvdata/smooth.flash
Done reading AMR
time: 2.87281 seconds
974628 polygons
big data: 1
threadedCompositePipeline 1
numThreads: 7
noTbb: 0
/home/leo/pvdata/smooth.flash
Done reading AMR
time: 2.62313 seconds
974628 polygons
big data: 1
threadedCompositePipeline 1
numThreads: 8
noTbb: 0
/home/leo/pvdata/smooth.flash
Done reading AMR
time: 2.50304 seconds
974628 polygons
