big data: 1
threadedCompositePipeline 1
numThreads: 1
noTbb: 0
/home/leo/pvdata/smooth.flash
Done reading AMR
time: 13.1438 seconds
974628 polygons
big data: 1
threadedCompositePipeline 1
numThreads: 2
noTbb: 0
/home/leo/pvdata/smooth.flash
Done reading AMR
time: 6.96864 seconds
974628 polygons
big data: 1
threadedCompositePipeline 1
numThreads: 3
noTbb: 0
/home/leo/pvdata/smooth.flash
Done reading AMR
time: 4.789 seconds
974628 polygons
big data: 1
threadedCompositePipeline 1
numThreads: 4
noTbb: 0
/home/leo/pvdata/smooth.flash
Done reading AMR
time: 3.75749 seconds
974628 polygons
big data: 1
threadedCompositePipeline 1
numThreads: 5
noTbb: 0
/home/leo/pvdata/smooth.flash
Done reading AMR
time: 3.23102 seconds
974628 polygons
big data: 1
threadedCompositePipeline 1
numThreads: 6
noTbb: 0
/home/leo/pvdata/smooth.flash
Done reading AMR
time: 2.87805 seconds
974628 polygons
big data: 1
threadedCompositePipeline 1
numThreads: 7
noTbb: 0
/home/leo/pvdata/smooth.flash
Done reading AMR
time: 2.57206 seconds
974628 polygons
big data: 1
threadedCompositePipeline 1
numThreads: 8
noTbb: 0
/home/leo/pvdata/smooth.flash
Done reading AMR
time: 2.45858 seconds
974628 polygons
