./contouramr --bigdata --noTbb --numThreads 0
data set: /home/leo/pvdata/smooth.flash, dens
threadedCompositePipeline 0
numThreads: 0
noTbb: 1
Done reading AMR
19385 blocks
time: 5.01016 seconds
974628 polygons in 19385 blocks
./contouramr --bigdata --noTbb --numThreads 0
data set: /home/leo/pvdata/smooth.flash, dens
threadedCompositePipeline 0
numThreads: 0
noTbb: 1
Done reading AMR
19385 blocks
time: 5.01606 seconds
974628 polygons in 19385 blocks
./contouramr --bigdata --noTbb --numThreads 0
data set: /home/leo/pvdata/smooth.flash, dens
threadedCompositePipeline 0
numThreads: 0
noTbb: 1
Done reading AMR
19385 blocks
time: 5.02867 seconds
974628 polygons in 19385 blocks
./contouramr --bigdata --noTbb --numThreads 0
data set: /home/leo/pvdata/smooth.flash, dens
threadedCompositePipeline 0
numThreads: 0
noTbb: 1
Done reading AMR
19385 blocks
time: 5.02078 seconds
974628 polygons in 19385 blocks
./contouramr --bigdata --noTbb --numThreads 0
data set: /home/leo/pvdata/smooth.flash, dens
threadedCompositePipeline 0
numThreads: 0
noTbb: 1
Done reading AMR
19385 blocks
time: 5.02031 seconds
974628 polygons in 19385 blocks
./contouramr --bigdata --noTbb --numThreads 0
data set: /home/leo/pvdata/smooth.flash, dens
threadedCompositePipeline 0
numThreads: 0
noTbb: 1
Done reading AMR
19385 blocks
time: 5.01607 seconds
974628 polygons in 19385 blocks
./contouramr --bigdata --noTbb --numThreads 0
data set: /home/leo/pvdata/smooth.flash, dens
threadedCompositePipeline 0
numThreads: 0
noTbb: 1
Done reading AMR
19385 blocks
time: 5.00579 seconds
974628 polygons in 19385 blocks
./contouramr --bigdata --noTbb --numThreads 0
data set: /home/leo/pvdata/smooth.flash, dens
threadedCompositePipeline 0
numThreads: 0
noTbb: 1
Done reading AMR
19385 blocks
time: 4.95288 seconds
974628 polygons in 19385 blocks
./contouramr --bigdata --noTbb --numThreads 0
data set: /home/leo/pvdata/smooth.flash, dens
threadedCompositePipeline 0
numThreads: 0
noTbb: 1
Done reading AMR
19385 blocks
time: 4.93614 seconds
974628 polygons in 19385 blocks
./contouramr --bigdata --noTbb --numThreads 0
data set: /home/leo/pvdata/smooth.flash, dens
threadedCompositePipeline 0
numThreads: 0
noTbb: 1
Done reading AMR
19385 blocks
time: 4.9297 seconds
974628 polygons in 19385 blocks
./contouramr --bigdata --noTbb --numThreads 2
data set: /home/leo/pvdata/smooth.flash, dens
threadedCompositePipeline 1
numThreads: 2
noTbb: 1
Done reading AMR
19385 blocks
Spawn 2 threads
Spawn 2 threads
time: 2.98269 seconds
974628 polygons in 19385 blocks
./contouramr --bigdata --noTbb --numThreads 2
data set: /home/leo/pvdata/smooth.flash, dens
threadedCompositePipeline 1
numThreads: 2
noTbb: 1
Done reading AMR
19385 blocks
Spawn 2 threads
Spawn 2 threads
time: 2.9989 seconds
974628 polygons in 19385 blocks
./contouramr --bigdata --noTbb --numThreads 2
data set: /home/leo/pvdata/smooth.flash, dens
threadedCompositePipeline 1
numThreads: 2
noTbb: 1
Done reading AMR
19385 blocks
Spawn 2 threads
Spawn 2 threads
time: 2.9951 seconds
974628 polygons in 19385 blocks
./contouramr --bigdata --noTbb --numThreads 2
data set: /home/leo/pvdata/smooth.flash, dens
threadedCompositePipeline 1
numThreads: 2
noTbb: 1
Done reading AMR
19385 blocks
Spawn 2 threads
Spawn 2 threads
time: 2.79904 seconds
974628 polygons in 19385 blocks
./contouramr --bigdata --noTbb --numThreads 2
data set: /home/leo/pvdata/smooth.flash, dens
threadedCompositePipeline 1
numThreads: 2
noTbb: 1
Done reading AMR
19385 blocks
Spawn 2 threads
Spawn 2 threads
time: 2.99871 seconds
974628 polygons in 19385 blocks
./contouramr --bigdata --noTbb --numThreads 2
data set: /home/leo/pvdata/smooth.flash, dens
threadedCompositePipeline 1
numThreads: 2
noTbb: 1
Done reading AMR
19385 blocks
Spawn 2 threads
Spawn 2 threads
time: 3.01889 seconds
974628 polygons in 19385 blocks
./contouramr --bigdata --noTbb --numThreads 2
data set: /home/leo/pvdata/smooth.flash, dens
threadedCompositePipeline 1
numThreads: 2
noTbb: 1
Done reading AMR
19385 blocks
Spawn 2 threads
Spawn 2 threads
time: 3.00543 seconds
974628 polygons in 19385 blocks
./contouramr --bigdata --noTbb --numThreads 2
data set: /home/leo/pvdata/smooth.flash, dens
threadedCompositePipeline 1
numThreads: 2
noTbb: 1
Done reading AMR
19385 blocks
Spawn 2 threads
Spawn 2 threads
time: 3.01283 seconds
974628 polygons in 19385 blocks
./contouramr --bigdata --noTbb --numThreads 2
data set: /home/leo/pvdata/smooth.flash, dens
threadedCompositePipeline 1
numThreads: 2
noTbb: 1
Done reading AMR
19385 blocks
Spawn 2 threads
Spawn 2 threads
time: 2.9958 seconds
974628 polygons in 19385 blocks
./contouramr --bigdata --noTbb --numThreads 2
data set: /home/leo/pvdata/smooth.flash, dens
threadedCompositePipeline 1
numThreads: 2
noTbb: 1
Done reading AMR
19385 blocks
Spawn 2 threads
Spawn 2 threads
time: 2.95724 seconds
974628 polygons in 19385 blocks
./contouramr --bigdata --noTbb --numThreads 3
data set: /home/leo/pvdata/smooth.flash, dens
threadedCompositePipeline 1
numThreads: 3
noTbb: 1
Done reading AMR
19385 blocks
Spawn 3 threads
Spawn 3 threads
time: 2.32537 seconds
974628 polygons in 19385 blocks
./contouramr --bigdata --noTbb --numThreads 3
data set: /home/leo/pvdata/smooth.flash, dens
threadedCompositePipeline 1
numThreads: 3
noTbb: 1
Done reading AMR
19385 blocks
Spawn 3 threads
Spawn 3 threads
time: 2.28073 seconds
974628 polygons in 19385 blocks
./contouramr --bigdata --noTbb --numThreads 3
data set: /home/leo/pvdata/smooth.flash, dens
threadedCompositePipeline 1
numThreads: 3
noTbb: 1
Done reading AMR
19385 blocks
Spawn 3 threads
Spawn 3 threads
time: 2.30267 seconds
974628 polygons in 19385 blocks
vtkDebugLeaks has detected LEAKS!
Class "vtkInformation" has 1 instance still around.

./contouramr --bigdata --noTbb --numThreads 3
data set: /home/leo/pvdata/smooth.flash, dens
threadedCompositePipeline 1
numThreads: 3
noTbb: 1
Done reading AMR
19385 blocks
Spawn 3 threads
Spawn 3 threads
time: 2.28253 seconds
974628 polygons in 19385 blocks
./contouramr --bigdata --noTbb --numThreads 3
data set: /home/leo/pvdata/smooth.flash, dens
threadedCompositePipeline 1
numThreads: 3
noTbb: 1
Done reading AMR
19385 blocks
Spawn 3 threads
Spawn 3 threads
time: 2.28665 seconds
974628 polygons in 19385 blocks
./contouramr --bigdata --noTbb --numThreads 3
data set: /home/leo/pvdata/smooth.flash, dens
threadedCompositePipeline 1
numThreads: 3
noTbb: 1
Done reading AMR
19385 blocks
Spawn 3 threads
Spawn 3 threads
time: 2.35655 seconds
974628 polygons in 19385 blocks
./contouramr --bigdata --noTbb --numThreads 3
data set: /home/leo/pvdata/smooth.flash, dens
threadedCompositePipeline 1
numThreads: 3
noTbb: 1
Done reading AMR
19385 blocks
Spawn 3 threads
Spawn 3 threads
time: 2.29137 seconds
974628 polygons in 19385 blocks
./contouramr --bigdata --noTbb --numThreads 3
data set: /home/leo/pvdata/smooth.flash, dens
threadedCompositePipeline 1
numThreads: 3
noTbb: 1
Done reading AMR
19385 blocks
Spawn 3 threads
Spawn 3 threads
time: 2.34659 seconds
974628 polygons in 19385 blocks
./contouramr --bigdata --noTbb --numThreads 3
data set: /home/leo/pvdata/smooth.flash, dens
threadedCompositePipeline 1
numThreads: 3
noTbb: 1
Done reading AMR
19385 blocks
Spawn 3 threads
Spawn 3 threads
time: 2.29426 seconds
974628 polygons in 19385 blocks
./contouramr --bigdata --noTbb --numThreads 3
data set: /home/leo/pvdata/smooth.flash, dens
threadedCompositePipeline 1
numThreads: 3
noTbb: 1
Done reading AMR
19385 blocks
Spawn 3 threads
Spawn 3 threads
time: 2.29726 seconds
974628 polygons in 19385 blocks
./contouramr --bigdata --noTbb --numThreads 4
data set: /home/leo/pvdata/smooth.flash, dens
threadedCompositePipeline 1
numThreads: 4
noTbb: 1
Done reading AMR
19385 blocks
Spawn 4 threads
Spawn 4 threads
time: 2.10291 seconds
974628 polygons in 19385 blocks
./contouramr --bigdata --noTbb --numThreads 4
data set: /home/leo/pvdata/smooth.flash, dens
threadedCompositePipeline 1
numThreads: 4
noTbb: 1
Done reading AMR
19385 blocks
Spawn 4 threads
Spawn 4 threads
time: 2.17187 seconds
974628 polygons in 19385 blocks
./contouramr --bigdata --noTbb --numThreads 4
data set: /home/leo/pvdata/smooth.flash, dens
threadedCompositePipeline 1
numThreads: 4
noTbb: 1
Done reading AMR
19385 blocks
Spawn 4 threads
Spawn 4 threads
time: 2.07282 seconds
974628 polygons in 19385 blocks
./contouramr --bigdata --noTbb --numThreads 4
data set: /home/leo/pvdata/smooth.flash, dens
threadedCompositePipeline 1
numThreads: 4
noTbb: 1
Done reading AMR
19385 blocks
Spawn 4 threads
Spawn 4 threads
time: 2.17498 seconds
974628 polygons in 19385 blocks
./contouramr --bigdata --noTbb --numThreads 4
data set: /home/leo/pvdata/smooth.flash, dens
threadedCompositePipeline 1
numThreads: 4
noTbb: 1
Done reading AMR
19385 blocks
Spawn 4 threads
Spawn 4 threads
time: 2.11707 seconds
974628 polygons in 19385 blocks
./contouramr --bigdata --noTbb --numThreads 4
data set: /home/leo/pvdata/smooth.flash, dens
threadedCompositePipeline 1
numThreads: 4
noTbb: 1
Done reading AMR
19385 blocks
Spawn 4 threads
Spawn 4 threads
time: 2.13155 seconds
974628 polygons in 19385 blocks
./contouramr --bigdata --noTbb --numThreads 4
data set: /home/leo/pvdata/smooth.flash, dens
threadedCompositePipeline 1
numThreads: 4
noTbb: 1
Done reading AMR
19385 blocks
Spawn 4 threads
Spawn 4 threads
time: 2.06166 seconds
974628 polygons in 19385 blocks
./contouramr --bigdata --noTbb --numThreads 4
data set: /home/leo/pvdata/smooth.flash, dens
threadedCompositePipeline 1
numThreads: 4
noTbb: 1
Done reading AMR
19385 blocks
Spawn 4 threads
Spawn 4 threads
time: 2.04844 seconds
974628 polygons in 19385 blocks
./contouramr --bigdata --noTbb --numThreads 4
data set: /home/leo/pvdata/smooth.flash, dens
threadedCompositePipeline 1
numThreads: 4
noTbb: 1
Done reading AMR
19385 blocks
Spawn 4 threads
Spawn 4 threads
time: 2.08324 seconds
974628 polygons in 19385 blocks
./contouramr --bigdata --noTbb --numThreads 4
data set: /home/leo/pvdata/smooth.flash, dens
threadedCompositePipeline 1
numThreads: 4
noTbb: 1
Done reading AMR
19385 blocks
Spawn 4 threads
Spawn 4 threads
time: 2.17831 seconds
974628 polygons in 19385 blocks
./contouramr --bigdata --noTbb --numThreads 5
data set: /home/leo/pvdata/smooth.flash, dens
threadedCompositePipeline 1
numThreads: 5
noTbb: 1
Done reading AMR
19385 blocks
Spawn 5 threads
Spawn 5 threads
time: 2.18956 seconds
974628 polygons in 19385 blocks
./contouramr --bigdata --noTbb --numThreads 5
data set: /home/leo/pvdata/smooth.flash, dens
threadedCompositePipeline 1
numThreads: 5
noTbb: 1
Done reading AMR
19385 blocks
Spawn 5 threads
Spawn 5 threads
time: 2.01287 seconds
974628 polygons in 19385 blocks
./contouramr --bigdata --noTbb --numThreads 5
data set: /home/leo/pvdata/smooth.flash, dens
threadedCompositePipeline 1
numThreads: 5
noTbb: 1
Done reading AMR
19385 blocks
Spawn 5 threads
Spawn 5 threads
time: 2.11138 seconds
974628 polygons in 19385 blocks
./contouramr --bigdata --noTbb --numThreads 5
data set: /home/leo/pvdata/smooth.flash, dens
threadedCompositePipeline 1
numThreads: 5
noTbb: 1
Done reading AMR
19385 blocks
Spawn 5 threads
Spawn 5 threads
time: 2.00101 seconds
974628 polygons in 19385 blocks
./contouramr --bigdata --noTbb --numThreads 5
data set: /home/leo/pvdata/smooth.flash, dens
threadedCompositePipeline 1
numThreads: 5
noTbb: 1
Done reading AMR
19385 blocks
Spawn 5 threads
Spawn 5 threads
time: 2.09242 seconds
974628 polygons in 19385 blocks
./contouramr --bigdata --noTbb --numThreads 5
data set: /home/leo/pvdata/smooth.flash, dens
threadedCompositePipeline 1
numThreads: 5
noTbb: 1
Done reading AMR
19385 blocks
Spawn 5 threads
Spawn 5 threads
time: 2.04549 seconds
974628 polygons in 19385 blocks
./contouramr --bigdata --noTbb --numThreads 5
data set: /home/leo/pvdata/smooth.flash, dens
threadedCompositePipeline 1
numThreads: 5
noTbb: 1
Done reading AMR
19385 blocks
Spawn 5 threads
Spawn 5 threads
time: 2.03385 seconds
974628 polygons in 19385 blocks
./contouramr --bigdata --noTbb --numThreads 5
data set: /home/leo/pvdata/smooth.flash, dens
threadedCompositePipeline 1
numThreads: 5
noTbb: 1
Done reading AMR
19385 blocks
Spawn 5 threads
Spawn 5 threads
time: 2.05444 seconds
974628 polygons in 19385 blocks
./contouramr --bigdata --noTbb --numThreads 5
data set: /home/leo/pvdata/smooth.flash, dens
threadedCompositePipeline 1
numThreads: 5
noTbb: 1
Done reading AMR
19385 blocks
Spawn 5 threads
Spawn 5 threads
time: 2.14448 seconds
974628 polygons in 19385 blocks
./contouramr --bigdata --noTbb --numThreads 5
data set: /home/leo/pvdata/smooth.flash, dens
threadedCompositePipeline 1
numThreads: 5
noTbb: 1
Done reading AMR
19385 blocks
Spawn 5 threads
Spawn 5 threads
time: 2.13297 seconds
974628 polygons in 19385 blocks
./contouramr --bigdata --noTbb --numThreads 6
data set: /home/leo/pvdata/smooth.flash, dens
threadedCompositePipeline 1
numThreads: 6
noTbb: 1
Done reading AMR
19385 blocks
Spawn 6 threads
Spawn 6 threads
time: 2.16314 seconds
974628 polygons in 19385 blocks
./contouramr --bigdata --noTbb --numThreads 6
data set: /home/leo/pvdata/smooth.flash, dens
threadedCompositePipeline 1
numThreads: 6
noTbb: 1
Done reading AMR
19385 blocks
Spawn 6 threads
Spawn 6 threads
time: 2.11935 seconds
974628 polygons in 19385 blocks
./contouramr --bigdata --noTbb --numThreads 6
data set: /home/leo/pvdata/smooth.flash, dens
threadedCompositePipeline 1
numThreads: 6
noTbb: 1
Done reading AMR
19385 blocks
Spawn 6 threads
Spawn 6 threads
time: 2.08159 seconds
974628 polygons in 19385 blocks
./contouramr --bigdata --noTbb --numThreads 6
data set: /home/leo/pvdata/smooth.flash, dens
threadedCompositePipeline 1
numThreads: 6
noTbb: 1
Done reading AMR
19385 blocks
Spawn 6 threads
Spawn 6 threads
time: 2.10555 seconds
974628 polygons in 19385 blocks
./contouramr --bigdata --noTbb --numThreads 6
data set: /home/leo/pvdata/smooth.flash, dens
threadedCompositePipeline 1
numThreads: 6
noTbb: 1
Done reading AMR
19385 blocks
Spawn 6 threads
Spawn 6 threads
time: 2.03209 seconds
974628 polygons in 19385 blocks
./contouramr --bigdata --noTbb --numThreads 6
data set: /home/leo/pvdata/smooth.flash, dens
threadedCompositePipeline 1
numThreads: 6
noTbb: 1
Done reading AMR
19385 blocks
Spawn 6 threads
Spawn 6 threads
time: 2.14406 seconds
974628 polygons in 19385 blocks
./contouramr --bigdata --noTbb --numThreads 6
data set: /home/leo/pvdata/smooth.flash, dens
threadedCompositePipeline 1
numThreads: 6
noTbb: 1
Done reading AMR
19385 blocks
Spawn 6 threads
Spawn 6 threads
time: 2.08987 seconds
974628 polygons in 19385 blocks
./contouramr --bigdata --noTbb --numThreads 6
data set: /home/leo/pvdata/smooth.flash, dens
threadedCompositePipeline 1
numThreads: 6
noTbb: 1
Done reading AMR
19385 blocks
Spawn 6 threads
Spawn 6 threads
time: 2.17054 seconds
974628 polygons in 19385 blocks
./contouramr --bigdata --noTbb --numThreads 6
data set: /home/leo/pvdata/smooth.flash, dens
threadedCompositePipeline 1
numThreads: 6
noTbb: 1
Done reading AMR
19385 blocks
Spawn 6 threads
Spawn 6 threads
time: 2.03006 seconds
974628 polygons in 19385 blocks
./contouramr --bigdata --noTbb --numThreads 6
data set: /home/leo/pvdata/smooth.flash, dens
threadedCompositePipeline 1
numThreads: 6
noTbb: 1
Done reading AMR
19385 blocks
Spawn 6 threads
Spawn 6 threads
time: 2.29014 seconds
974628 polygons in 19385 blocks
./contouramr --bigdata --noTbb --numThreads 7
data set: /home/leo/pvdata/smooth.flash, dens
threadedCompositePipeline 1
numThreads: 7
noTbb: 1
Done reading AMR
19385 blocks
Spawn 7 threads
Spawn 7 threads
time: 2.15157 seconds
974628 polygons in 19385 blocks
./contouramr --bigdata --noTbb --numThreads 7
data set: /home/leo/pvdata/smooth.flash, dens
threadedCompositePipeline 1
numThreads: 7
noTbb: 1
Done reading AMR
19385 blocks
Spawn 7 threads
Spawn 7 threads
time: 2.09437 seconds
974628 polygons in 19385 blocks
./contouramr --bigdata --noTbb --numThreads 7
data set: /home/leo/pvdata/smooth.flash, dens
threadedCompositePipeline 1
numThreads: 7
noTbb: 1
Done reading AMR
19385 blocks
Spawn 7 threads
Spawn 7 threads
time: 2.17937 seconds
974628 polygons in 19385 blocks
./contouramr --bigdata --noTbb --numThreads 7
data set: /home/leo/pvdata/smooth.flash, dens
threadedCompositePipeline 1
numThreads: 7
noTbb: 1
Done reading AMR
19385 blocks
Spawn 7 threads
Spawn 7 threads
time: 2.14962 seconds
974628 polygons in 19385 blocks
./contouramr --bigdata --noTbb --numThreads 7
data set: /home/leo/pvdata/smooth.flash, dens
threadedCompositePipeline 1
numThreads: 7
noTbb: 1
Done reading AMR
19385 blocks
Spawn 7 threads
Spawn 7 threads
time: 2.22558 seconds
974628 polygons in 19385 blocks
./contouramr --bigdata --noTbb --numThreads 7
data set: /home/leo/pvdata/smooth.flash, dens
threadedCompositePipeline 1
numThreads: 7
noTbb: 1
Done reading AMR
19385 blocks
Spawn 7 threads
Spawn 7 threads
time: 2.13277 seconds
974628 polygons in 19385 blocks
./contouramr --bigdata --noTbb --numThreads 7
data set: /home/leo/pvdata/smooth.flash, dens
threadedCompositePipeline 1
numThreads: 7
noTbb: 1
Done reading AMR
19385 blocks
Spawn 7 threads
Spawn 7 threads
time: 2.16076 seconds
974628 polygons in 19385 blocks
./contouramr --bigdata --noTbb --numThreads 7
data set: /home/leo/pvdata/smooth.flash, dens
threadedCompositePipeline 1
numThreads: 7
noTbb: 1
Done reading AMR
19385 blocks
Spawn 7 threads
Spawn 7 threads
time: 2.24729 seconds
974628 polygons in 19385 blocks
./contouramr --bigdata --noTbb --numThreads 7
data set: /home/leo/pvdata/smooth.flash, dens
threadedCompositePipeline 1
numThreads: 7
noTbb: 1
Done reading AMR
19385 blocks
Spawn 7 threads
Spawn 7 threads
time: 2.1795 seconds
974628 polygons in 19385 blocks
./contouramr --bigdata --noTbb --numThreads 7
data set: /home/leo/pvdata/smooth.flash, dens
threadedCompositePipeline 1
numThreads: 7
noTbb: 1
Done reading AMR
19385 blocks
Spawn 7 threads
Spawn 7 threads
time: 2.13873 seconds
974628 polygons in 19385 blocks
./contouramr --bigdata --noTbb --numThreads 8
data set: /home/leo/pvdata/smooth.flash, dens
threadedCompositePipeline 1
numThreads: 8
noTbb: 1
Done reading AMR
19385 blocks
Spawn 8 threads
Spawn 8 threads
time: 2.1736 seconds
974628 polygons in 19385 blocks
./contouramr --bigdata --noTbb --numThreads 8
data set: /home/leo/pvdata/smooth.flash, dens
threadedCompositePipeline 1
numThreads: 8
noTbb: 1
Done reading AMR
19385 blocks
Spawn 8 threads
Spawn 8 threads
time: 2.20371 seconds
974628 polygons in 19385 blocks
./contouramr --bigdata --noTbb --numThreads 8
data set: /home/leo/pvdata/smooth.flash, dens
threadedCompositePipeline 1
numThreads: 8
noTbb: 1
Done reading AMR
19385 blocks
Spawn 8 threads
Spawn 8 threads
time: 2.29203 seconds
974628 polygons in 19385 blocks
vtkDebugLeaks has detected LEAKS!
Class "vtkInformation" has 1 instance still around.
Class "vtkInformationIntegerValue" has 1 instance still around.

./contouramr --bigdata --noTbb --numThreads 8
data set: /home/leo/pvdata/smooth.flash, dens
threadedCompositePipeline 1
numThreads: 8
noTbb: 1
Done reading AMR
19385 blocks
Spawn 8 threads
Spawn 8 threads
time: 2.25824 seconds
974628 polygons in 19385 blocks
./contouramr --bigdata --noTbb --numThreads 8
data set: /home/leo/pvdata/smooth.flash, dens
threadedCompositePipeline 1
numThreads: 8
noTbb: 1
Done reading AMR
19385 blocks
Spawn 8 threads
Spawn 8 threads
time: 2.26599 seconds
974628 polygons in 19385 blocks
./contouramr --bigdata --noTbb --numThreads 8
data set: /home/leo/pvdata/smooth.flash, dens
threadedCompositePipeline 1
numThreads: 8
noTbb: 1
Done reading AMR
19385 blocks
Spawn 8 threads
Spawn 8 threads
time: 2.30046 seconds
974628 polygons in 19385 blocks
./contouramr --bigdata --noTbb --numThreads 8
data set: /home/leo/pvdata/smooth.flash, dens
threadedCompositePipeline 1
numThreads: 8
noTbb: 1
Done reading AMR
19385 blocks
Spawn 8 threads
Spawn 8 threads
time: 2.19474 seconds
974628 polygons in 19385 blocks
./contouramr --bigdata --noTbb --numThreads 8
data set: /home/leo/pvdata/smooth.flash, dens
threadedCompositePipeline 1
numThreads: 8
noTbb: 1
Done reading AMR
19385 blocks
Spawn 8 threads
Spawn 8 threads
time: 2.21359 seconds
974628 polygons in 19385 blocks
./contouramr --bigdata --noTbb --numThreads 8
data set: /home/leo/pvdata/smooth.flash, dens
threadedCompositePipeline 1
numThreads: 8
noTbb: 1
Done reading AMR
19385 blocks
Spawn 8 threads
Spawn 8 threads
time: 2.28433 seconds
974628 polygons in 19385 blocks
./contouramr --bigdata --noTbb --numThreads 8
data set: /home/leo/pvdata/smooth.flash, dens
threadedCompositePipeline 1
numThreads: 8
noTbb: 1
Done reading AMR
19385 blocks
Spawn 8 threads
Spawn 8 threads
time: 2.19255 seconds
974628 polygons in 19385 blocks
