DAX double Precision
Loaded amr with 97593 blocks
144.802 average image size
2923626 points, 974542 cells
time: 0.88201 seconds
DAX double Precision
Loaded amr with 97593 blocks
144.802 average image size
2923626 points, 974542 cells
time: 0.909492 seconds
DAX double Precision
Loaded amr with 97593 blocks
144.802 average image size
2923626 points, 974542 cells
time: 0.984243 seconds
DAX double Precision
Loaded amr with 97593 blocks
144.802 average image size
2923626 points, 974542 cells
time: 0.938306 seconds
DAX double Precision
Loaded amr with 97593 blocks
144.802 average image size
2923626 points, 974542 cells
time: 0.954487 seconds
DAX double Precision
Loaded amr with 97593 blocks
144.802 average image size
2923626 points, 974542 cells
time: 0.969216 seconds
DAX double Precision
Loaded amr with 97593 blocks
144.802 average image size
2923626 points, 974542 cells
time: 0.968644 seconds
DAX double Precision
Loaded amr with 97593 blocks
144.802 average image size
2923626 points, 974542 cells
time: 0.967638 seconds
DAX double Precision
Loaded amr with 97593 blocks
144.802 average image size
2923626 points, 974542 cells
time: 0.896362 seconds
DAX double Precision
Loaded amr with 97593 blocks
144.802 average image size
2923626 points, 974542 cells
time: 0.947801 seconds
