./contouramr --bigdata --noTbb --numThreads 0
data set: /home/leo/pvdata/smooth.flash, dens
threadedCompositePipeline 0
numThreads: 0
noTbb: 1
Done reading AMR
19385 blocks
time: 13.7174 seconds
974628 polygons in 19385 blocks
./contouramr --bigdata --noTbb --numThreads 0
data set: /home/leo/pvdata/smooth.flash, dens
threadedCompositePipeline 0
numThreads: 0
noTbb: 1
Done reading AMR
19385 blocks
time: 13.7588 seconds
974628 polygons in 19385 blocks
./contouramr --bigdata --noTbb --numThreads 0
data set: /home/leo/pvdata/smooth.flash, dens
threadedCompositePipeline 0
numThreads: 0
noTbb: 1
Done reading AMR
19385 blocks
time: 13.711 seconds
974628 polygons in 19385 blocks
./contouramr --bigdata --noTbb --numThreads 0
data set: /home/leo/pvdata/smooth.flash, dens
threadedCompositePipeline 0
numThreads: 0
noTbb: 1
Done reading AMR
19385 blocks
time: 13.6615 seconds
974628 polygons in 19385 blocks
./contouramr --bigdata --noTbb --numThreads 0
data set: /home/leo/pvdata/smooth.flash, dens
threadedCompositePipeline 0
numThreads: 0
noTbb: 1
Done reading AMR
19385 blocks
time: 13.6765 seconds
974628 polygons in 19385 blocks
./contouramr --bigdata --noTbb --numThreads 0
data set: /home/leo/pvdata/smooth.flash, dens
threadedCompositePipeline 0
numThreads: 0
noTbb: 1
Done reading AMR
19385 blocks
time: 13.6805 seconds
974628 polygons in 19385 blocks
./contouramr --bigdata --noTbb --numThreads 0
data set: /home/leo/pvdata/smooth.flash, dens
threadedCompositePipeline 0
numThreads: 0
noTbb: 1
Done reading AMR
19385 blocks
time: 13.6624 seconds
974628 polygons in 19385 blocks
./contouramr --bigdata --noTbb --numThreads 0
data set: /home/leo/pvdata/smooth.flash, dens
threadedCompositePipeline 0
numThreads: 0
noTbb: 1
Done reading AMR
19385 blocks
time: 13.6978 seconds
974628 polygons in 19385 blocks
./contouramr --bigdata --noTbb --numThreads 0
data set: /home/leo/pvdata/smooth.flash, dens
threadedCompositePipeline 0
numThreads: 0
noTbb: 1
Done reading AMR
19385 blocks
time: 13.6936 seconds
974628 polygons in 19385 blocks
./contouramr --bigdata --noTbb --numThreads 0
data set: /home/leo/pvdata/smooth.flash, dens
threadedCompositePipeline 0
numThreads: 0
noTbb: 1
Done reading AMR
19385 blocks
time: 13.6895 seconds
974628 polygons in 19385 blocks
./contouramr --bigdata --noTbb --numThreads 2
data set: /home/leo/pvdata/smooth.flash, dens
threadedCompositePipeline 1
numThreads: 2
noTbb: 1
Done reading AMR
19385 blocks
Spawn 2 threads
Spawn 2 threads
time: 7.19652 seconds
974628 polygons in 19385 blocks
./contouramr --bigdata --noTbb --numThreads 2
data set: /home/leo/pvdata/smooth.flash, dens
threadedCompositePipeline 1
numThreads: 2
noTbb: 1
Done reading AMR
19385 blocks
Spawn 2 threads
Spawn 2 threads
time: 7.13469 seconds
974628 polygons in 19385 blocks
./contouramr --bigdata --noTbb --numThreads 2
data set: /home/leo/pvdata/smooth.flash, dens
threadedCompositePipeline 1
numThreads: 2
noTbb: 1
Done reading AMR
19385 blocks
Spawn 2 threads
Spawn 2 threads
time: 7.18276 seconds
974628 polygons in 19385 blocks
./contouramr --bigdata --noTbb --numThreads 2
data set: /home/leo/pvdata/smooth.flash, dens
threadedCompositePipeline 1
numThreads: 2
noTbb: 1
Done reading AMR
19385 blocks
Spawn 2 threads
Spawn 2 threads
time: 7.17593 seconds
974628 polygons in 19385 blocks
./contouramr --bigdata --noTbb --numThreads 2
data set: /home/leo/pvdata/smooth.flash, dens
threadedCompositePipeline 1
numThreads: 2
noTbb: 1
Done reading AMR
19385 blocks
Spawn 2 threads
Spawn 2 threads
time: 7.1583 seconds
974628 polygons in 19385 blocks
./contouramr --bigdata --noTbb --numThreads 2
data set: /home/leo/pvdata/smooth.flash, dens
threadedCompositePipeline 1
numThreads: 2
noTbb: 1
Done reading AMR
19385 blocks
Spawn 2 threads
Spawn 2 threads
time: 7.20981 seconds
974628 polygons in 19385 blocks
./contouramr --bigdata --noTbb --numThreads 2
data set: /home/leo/pvdata/smooth.flash, dens
threadedCompositePipeline 1
numThreads: 2
noTbb: 1
Done reading AMR
19385 blocks
Spawn 2 threads
Spawn 2 threads
time: 7.16495 seconds
974628 polygons in 19385 blocks
./contouramr --bigdata --noTbb --numThreads 2
data set: /home/leo/pvdata/smooth.flash, dens
threadedCompositePipeline 1
numThreads: 2
noTbb: 1
Done reading AMR
19385 blocks
Spawn 2 threads
Spawn 2 threads
time: 7.1477 seconds
974628 polygons in 19385 blocks
./contouramr --bigdata --noTbb --numThreads 2
data set: /home/leo/pvdata/smooth.flash, dens
threadedCompositePipeline 1
numThreads: 2
noTbb: 1
Done reading AMR
19385 blocks
Spawn 2 threads
Spawn 2 threads
time: 7.16272 seconds
974628 polygons in 19385 blocks
./contouramr --bigdata --noTbb --numThreads 2
data set: /home/leo/pvdata/smooth.flash, dens
threadedCompositePipeline 1
numThreads: 2
noTbb: 1
Done reading AMR
19385 blocks
Spawn 2 threads
Spawn 2 threads
time: 7.13382 seconds
974628 polygons in 19385 blocks
./contouramr --bigdata --noTbb --numThreads 3
data set: /home/leo/pvdata/smooth.flash, dens
threadedCompositePipeline 1
numThreads: 3
noTbb: 1
Done reading AMR
19385 blocks
Spawn 3 threads
Spawn 3 threads
time: 4.90276 seconds
974628 polygons in 19385 blocks
./contouramr --bigdata --noTbb --numThreads 3
data set: /home/leo/pvdata/smooth.flash, dens
threadedCompositePipeline 1
numThreads: 3
noTbb: 1
Done reading AMR
19385 blocks
Spawn 3 threads
Spawn 3 threads
time: 4.90488 seconds
974628 polygons in 19385 blocks
./contouramr --bigdata --noTbb --numThreads 3
data set: /home/leo/pvdata/smooth.flash, dens
threadedCompositePipeline 1
numThreads: 3
noTbb: 1
Done reading AMR
19385 blocks
Spawn 3 threads
Spawn 3 threads
time: 4.92473 seconds
974628 polygons in 19385 blocks
./contouramr --bigdata --noTbb --numThreads 3
data set: /home/leo/pvdata/smooth.flash, dens
threadedCompositePipeline 1
numThreads: 3
noTbb: 1
Done reading AMR
19385 blocks
Spawn 3 threads
Spawn 3 threads
time: 4.93042 seconds
974628 polygons in 19385 blocks
./contouramr --bigdata --noTbb --numThreads 3
data set: /home/leo/pvdata/smooth.flash, dens
threadedCompositePipeline 1
numThreads: 3
noTbb: 1
Done reading AMR
19385 blocks
Spawn 3 threads
Spawn 3 threads
time: 4.90389 seconds
974628 polygons in 19385 blocks
./contouramr --bigdata --noTbb --numThreads 3
data set: /home/leo/pvdata/smooth.flash, dens
threadedCompositePipeline 1
numThreads: 3
noTbb: 1
Done reading AMR
19385 blocks
Spawn 3 threads
Spawn 3 threads
time: 4.9006 seconds
974628 polygons in 19385 blocks
./contouramr --bigdata --noTbb --numThreads 3
data set: /home/leo/pvdata/smooth.flash, dens
threadedCompositePipeline 1
numThreads: 3
noTbb: 1
Done reading AMR
19385 blocks
Spawn 3 threads
Spawn 3 threads
time: 4.8733 seconds
974628 polygons in 19385 blocks
./contouramr --bigdata --noTbb --numThreads 3
data set: /home/leo/pvdata/smooth.flash, dens
threadedCompositePipeline 1
numThreads: 3
noTbb: 1
Done reading AMR
19385 blocks
Spawn 3 threads
Spawn 3 threads
time: 4.93015 seconds
974628 polygons in 19385 blocks
./contouramr --bigdata --noTbb --numThreads 3
data set: /home/leo/pvdata/smooth.flash, dens
threadedCompositePipeline 1
numThreads: 3
noTbb: 1
Done reading AMR
19385 blocks
Spawn 3 threads
Spawn 3 threads
time: 4.89955 seconds
974628 polygons in 19385 blocks
./contouramr --bigdata --noTbb --numThreads 3
data set: /home/leo/pvdata/smooth.flash, dens
threadedCompositePipeline 1
numThreads: 3
noTbb: 1
Done reading AMR
19385 blocks
Spawn 3 threads
Spawn 3 threads
time: 4.88968 seconds
974628 polygons in 19385 blocks
./contouramr --bigdata --noTbb --numThreads 4
data set: /home/leo/pvdata/smooth.flash, dens
threadedCompositePipeline 1
numThreads: 4
noTbb: 1
Done reading AMR
19385 blocks
Spawn 4 threads
Spawn 4 threads
time: 3.84263 seconds
974628 polygons in 19385 blocks
./contouramr --bigdata --noTbb --numThreads 4
data set: /home/leo/pvdata/smooth.flash, dens
threadedCompositePipeline 1
numThreads: 4
noTbb: 1
Done reading AMR
19385 blocks
Spawn 4 threads
Spawn 4 threads
time: 3.82876 seconds
974628 polygons in 19385 blocks
./contouramr --bigdata --noTbb --numThreads 4
data set: /home/leo/pvdata/smooth.flash, dens
threadedCompositePipeline 1
numThreads: 4
noTbb: 1
Done reading AMR
19385 blocks
Spawn 4 threads
Spawn 4 threads
time: 3.84463 seconds
974628 polygons in 19385 blocks
./contouramr --bigdata --noTbb --numThreads 4
data set: /home/leo/pvdata/smooth.flash, dens
threadedCompositePipeline 1
numThreads: 4
noTbb: 1
Done reading AMR
19385 blocks
Spawn 4 threads
Spawn 4 threads
time: 3.82434 seconds
974628 polygons in 19385 blocks
./contouramr --bigdata --noTbb --numThreads 4
data set: /home/leo/pvdata/smooth.flash, dens
threadedCompositePipeline 1
numThreads: 4
noTbb: 1
Done reading AMR
19385 blocks
Spawn 4 threads
Spawn 4 threads
time: 3.82282 seconds
974628 polygons in 19385 blocks
./contouramr --bigdata --noTbb --numThreads 4
data set: /home/leo/pvdata/smooth.flash, dens
threadedCompositePipeline 1
numThreads: 4
noTbb: 1
Done reading AMR
19385 blocks
Spawn 4 threads
Spawn 4 threads
time: 3.81581 seconds
974628 polygons in 19385 blocks
./contouramr --bigdata --noTbb --numThreads 4
data set: /home/leo/pvdata/smooth.flash, dens
threadedCompositePipeline 1
numThreads: 4
noTbb: 1
Done reading AMR
19385 blocks
Spawn 4 threads
Spawn 4 threads
time: 3.90237 seconds
974628 polygons in 19385 blocks
./contouramr --bigdata --noTbb --numThreads 4
data set: /home/leo/pvdata/smooth.flash, dens
threadedCompositePipeline 1
numThreads: 4
noTbb: 1
Done reading AMR
19385 blocks
Spawn 4 threads
Spawn 4 threads
time: 3.8435 seconds
974628 polygons in 19385 blocks
./contouramr --bigdata --noTbb --numThreads 4
data set: /home/leo/pvdata/smooth.flash, dens
threadedCompositePipeline 1
numThreads: 4
noTbb: 1
Done reading AMR
19385 blocks
Spawn 4 threads
Spawn 4 threads
time: 3.81906 seconds
974628 polygons in 19385 blocks
./contouramr --bigdata --noTbb --numThreads 4
data set: /home/leo/pvdata/smooth.flash, dens
threadedCompositePipeline 1
numThreads: 4
noTbb: 1
Done reading AMR
19385 blocks
Spawn 4 threads
Spawn 4 threads
time: 3.83299 seconds
974628 polygons in 19385 blocks
./contouramr --bigdata --noTbb --numThreads 5
data set: /home/leo/pvdata/smooth.flash, dens
threadedCompositePipeline 1
numThreads: 5
noTbb: 1
Done reading AMR
19385 blocks
Spawn 5 threads
Spawn 5 threads
time: 3.27281 seconds
974628 polygons in 19385 blocks
./contouramr --bigdata --noTbb --numThreads 5
data set: /home/leo/pvdata/smooth.flash, dens
threadedCompositePipeline 1
numThreads: 5
noTbb: 1
Done reading AMR
19385 blocks
Spawn 5 threads
Spawn 5 threads
time: 3.28646 seconds
974628 polygons in 19385 blocks
./contouramr --bigdata --noTbb --numThreads 5
data set: /home/leo/pvdata/smooth.flash, dens
threadedCompositePipeline 1
numThreads: 5
noTbb: 1
Done reading AMR
19385 blocks
Spawn 5 threads
Spawn 5 threads
time: 3.28446 seconds
974628 polygons in 19385 blocks
./contouramr --bigdata --noTbb --numThreads 5
data set: /home/leo/pvdata/smooth.flash, dens
threadedCompositePipeline 1
numThreads: 5
noTbb: 1
Done reading AMR
19385 blocks
Spawn 5 threads
Spawn 5 threads
time: 3.24641 seconds
974628 polygons in 19385 blocks
./contouramr --bigdata --noTbb --numThreads 5
data set: /home/leo/pvdata/smooth.flash, dens
threadedCompositePipeline 1
numThreads: 5
noTbb: 1
Done reading AMR
19385 blocks
Spawn 5 threads
Spawn 5 threads
time: 3.27666 seconds
974628 polygons in 19385 blocks
./contouramr --bigdata --noTbb --numThreads 5
data set: /home/leo/pvdata/smooth.flash, dens
threadedCompositePipeline 1
numThreads: 5
noTbb: 1
Done reading AMR
19385 blocks
Spawn 5 threads
Spawn 5 threads
time: 3.27704 seconds
974628 polygons in 19385 blocks
./contouramr --bigdata --noTbb --numThreads 5
data set: /home/leo/pvdata/smooth.flash, dens
threadedCompositePipeline 1
numThreads: 5
noTbb: 1
Done reading AMR
19385 blocks
Spawn 5 threads
Spawn 5 threads
time: 3.27473 seconds
974628 polygons in 19385 blocks
./contouramr --bigdata --noTbb --numThreads 5
data set: /home/leo/pvdata/smooth.flash, dens
threadedCompositePipeline 1
numThreads: 5
noTbb: 1
Done reading AMR
19385 blocks
Spawn 5 threads
Spawn 5 threads
time: 3.27933 seconds
974628 polygons in 19385 blocks
./contouramr --bigdata --noTbb --numThreads 5
data set: /home/leo/pvdata/smooth.flash, dens
threadedCompositePipeline 1
numThreads: 5
noTbb: 1
Done reading AMR
19385 blocks
Spawn 5 threads
Spawn 5 threads
time: 3.26575 seconds
974628 polygons in 19385 blocks
./contouramr --bigdata --noTbb --numThreads 5
data set: /home/leo/pvdata/smooth.flash, dens
threadedCompositePipeline 1
numThreads: 5
noTbb: 1
Done reading AMR
19385 blocks
Spawn 5 threads
Spawn 5 threads
time: 3.29014 seconds
974628 polygons in 19385 blocks
./contouramr --bigdata --noTbb --numThreads 6
data set: /home/leo/pvdata/smooth.flash, dens
threadedCompositePipeline 1
numThreads: 6
noTbb: 1
Done reading AMR
19385 blocks
Spawn 6 threads
Spawn 6 threads
time: 2.91655 seconds
974628 polygons in 19385 blocks
./contouramr --bigdata --noTbb --numThreads 6
data set: /home/leo/pvdata/smooth.flash, dens
threadedCompositePipeline 1
numThreads: 6
noTbb: 1
Done reading AMR
19385 blocks
Spawn 6 threads
Spawn 6 threads
time: 2.85849 seconds
974628 polygons in 19385 blocks
./contouramr --bigdata --noTbb --numThreads 6
data set: /home/leo/pvdata/smooth.flash, dens
threadedCompositePipeline 1
numThreads: 6
noTbb: 1
Done reading AMR
19385 blocks
Spawn 6 threads
Spawn 6 threads
time: 2.86474 seconds
974628 polygons in 19385 blocks
./contouramr --bigdata --noTbb --numThreads 6
data set: /home/leo/pvdata/smooth.flash, dens
threadedCompositePipeline 1
numThreads: 6
noTbb: 1
Done reading AMR
19385 blocks
Spawn 6 threads
Spawn 6 threads
time: 2.87101 seconds
974628 polygons in 19385 blocks
./contouramr --bigdata --noTbb --numThreads 6
data set: /home/leo/pvdata/smooth.flash, dens
threadedCompositePipeline 1
numThreads: 6
noTbb: 1
Done reading AMR
19385 blocks
Spawn 6 threads
Spawn 6 threads
time: 2.98311 seconds
974628 polygons in 19385 blocks
./contouramr --bigdata --noTbb --numThreads 6
data set: /home/leo/pvdata/smooth.flash, dens
threadedCompositePipeline 1
numThreads: 6
noTbb: 1
Done reading AMR
19385 blocks
Spawn 6 threads
Spawn 6 threads
time: 2.86182 seconds
974628 polygons in 19385 blocks
./contouramr --bigdata --noTbb --numThreads 6
data set: /home/leo/pvdata/smooth.flash, dens
threadedCompositePipeline 1
numThreads: 6
noTbb: 1
Done reading AMR
19385 blocks
Spawn 6 threads
Spawn 6 threads
time: 2.86444 seconds
974628 polygons in 19385 blocks
./contouramr --bigdata --noTbb --numThreads 6
data set: /home/leo/pvdata/smooth.flash, dens
threadedCompositePipeline 1
numThreads: 6
noTbb: 1
Done reading AMR
19385 blocks
Spawn 6 threads
Spawn 6 threads
time: 2.86934 seconds
974628 polygons in 19385 blocks
./contouramr --bigdata --noTbb --numThreads 6
data set: /home/leo/pvdata/smooth.flash, dens
threadedCompositePipeline 1
numThreads: 6
noTbb: 1
Done reading AMR
19385 blocks
Spawn 6 threads
Spawn 6 threads
time: 2.86609 seconds
974628 polygons in 19385 blocks
./contouramr --bigdata --noTbb --numThreads 6
data set: /home/leo/pvdata/smooth.flash, dens
threadedCompositePipeline 1
numThreads: 6
noTbb: 1
Done reading AMR
19385 blocks
Spawn 6 threads
Spawn 6 threads
time: 2.87017 seconds
974628 polygons in 19385 blocks
./contouramr --bigdata --noTbb --numThreads 7
data set: /home/leo/pvdata/smooth.flash, dens
threadedCompositePipeline 1
numThreads: 7
noTbb: 1
Done reading AMR
19385 blocks
Spawn 7 threads
Spawn 7 threads
time: 2.86509 seconds
974628 polygons in 19385 blocks
./contouramr --bigdata --noTbb --numThreads 7
data set: /home/leo/pvdata/smooth.flash, dens
threadedCompositePipeline 1
numThreads: 7
noTbb: 1
Done reading AMR
19385 blocks
Spawn 7 threads
Spawn 7 threads
time: 2.55854 seconds
974628 polygons in 19385 blocks
./contouramr --bigdata --noTbb --numThreads 7
data set: /home/leo/pvdata/smooth.flash, dens
threadedCompositePipeline 1
numThreads: 7
noTbb: 1
Done reading AMR
19385 blocks
Spawn 7 threads
Spawn 7 threads
time: 2.57195 seconds
974628 polygons in 19385 blocks
./contouramr --bigdata --noTbb --numThreads 7
data set: /home/leo/pvdata/smooth.flash, dens
threadedCompositePipeline 1
numThreads: 7
noTbb: 1
Done reading AMR
19385 blocks
Spawn 7 threads
Spawn 7 threads
time: 2.57106 seconds
974628 polygons in 19385 blocks
./contouramr --bigdata --noTbb --numThreads 7
data set: /home/leo/pvdata/smooth.flash, dens
threadedCompositePipeline 1
numThreads: 7
noTbb: 1
Done reading AMR
19385 blocks
Spawn 7 threads
Spawn 7 threads
time: 2.57236 seconds
974628 polygons in 19385 blocks
./contouramr --bigdata --noTbb --numThreads 7
data set: /home/leo/pvdata/smooth.flash, dens
threadedCompositePipeline 1
numThreads: 7
noTbb: 1
Done reading AMR
19385 blocks
Spawn 7 threads
Spawn 7 threads
time: 2.5809 seconds
974628 polygons in 19385 blocks
./contouramr --bigdata --noTbb --numThreads 7
data set: /home/leo/pvdata/smooth.flash, dens
threadedCompositePipeline 1
numThreads: 7
noTbb: 1
Done reading AMR
19385 blocks
Spawn 7 threads
Spawn 7 threads
time: 2.58818 seconds
974628 polygons in 19385 blocks
./contouramr --bigdata --noTbb --numThreads 7
data set: /home/leo/pvdata/smooth.flash, dens
threadedCompositePipeline 1
numThreads: 7
noTbb: 1
Done reading AMR
19385 blocks
Spawn 7 threads
Spawn 7 threads
time: 2.56448 seconds
974628 polygons in 19385 blocks
./contouramr --bigdata --noTbb --numThreads 7
data set: /home/leo/pvdata/smooth.flash, dens
threadedCompositePipeline 1
numThreads: 7
noTbb: 1
Done reading AMR
19385 blocks
Spawn 7 threads
Spawn 7 threads
time: 2.5745 seconds
974628 polygons in 19385 blocks
./contouramr --bigdata --noTbb --numThreads 7
data set: /home/leo/pvdata/smooth.flash, dens
threadedCompositePipeline 1
numThreads: 7
noTbb: 1
Done reading AMR
19385 blocks
Spawn 7 threads
Spawn 7 threads
time: 2.57117 seconds
974628 polygons in 19385 blocks
./contouramr --bigdata --noTbb --numThreads 8
data set: /home/leo/pvdata/smooth.flash, dens
threadedCompositePipeline 1
numThreads: 8
noTbb: 1
Done reading AMR
19385 blocks
Spawn 8 threads
Spawn 8 threads
time: 2.40994 seconds
974628 polygons in 19385 blocks
./contouramr --bigdata --noTbb --numThreads 8
data set: /home/leo/pvdata/smooth.flash, dens
threadedCompositePipeline 1
numThreads: 8
noTbb: 1
Done reading AMR
19385 blocks
Spawn 8 threads
Spawn 8 threads
time: 2.48786 seconds
974628 polygons in 19385 blocks
./contouramr --bigdata --noTbb --numThreads 8
data set: /home/leo/pvdata/smooth.flash, dens
threadedCompositePipeline 1
numThreads: 8
noTbb: 1
Done reading AMR
19385 blocks
Spawn 8 threads
Spawn 8 threads
time: 2.49736 seconds
974628 polygons in 19385 blocks
./contouramr --bigdata --noTbb --numThreads 8
data set: /home/leo/pvdata/smooth.flash, dens
threadedCompositePipeline 1
numThreads: 8
noTbb: 1
Done reading AMR
19385 blocks
Spawn 8 threads
Spawn 8 threads
time: 2.73047 seconds
974628 polygons in 19385 blocks
./contouramr --bigdata --noTbb --numThreads 8
data set: /home/leo/pvdata/smooth.flash, dens
threadedCompositePipeline 1
numThreads: 8
noTbb: 1
Done reading AMR
19385 blocks
Spawn 8 threads
Spawn 8 threads
time: 2.40357 seconds
974628 polygons in 19385 blocks
./contouramr --bigdata --noTbb --numThreads 8
data set: /home/leo/pvdata/smooth.flash, dens
threadedCompositePipeline 1
numThreads: 8
noTbb: 1
Done reading AMR
19385 blocks
Spawn 8 threads
Spawn 8 threads
time: 2.36987 seconds
974628 polygons in 19385 blocks
./contouramr --bigdata --noTbb --numThreads 8
data set: /home/leo/pvdata/smooth.flash, dens
threadedCompositePipeline 1
numThreads: 8
noTbb: 1
Done reading AMR
19385 blocks
Spawn 8 threads
Spawn 8 threads
time: 2.39927 seconds
974628 polygons in 19385 blocks
./contouramr --bigdata --noTbb --numThreads 8
data set: /home/leo/pvdata/smooth.flash, dens
threadedCompositePipeline 1
numThreads: 8
noTbb: 1
Done reading AMR
19385 blocks
Spawn 8 threads
Spawn 8 threads
time: 2.56103 seconds
974628 polygons in 19385 blocks
./contouramr --bigdata --noTbb --numThreads 8
data set: /home/leo/pvdata/smooth.flash, dens
threadedCompositePipeline 1
numThreads: 8
noTbb: 1
Done reading AMR
19385 blocks
Spawn 8 threads
Spawn 8 threads
time: 2.37205 seconds
974628 polygons in 19385 blocks
./contouramr --bigdata --noTbb --numThreads 8
data set: /home/leo/pvdata/smooth.flash, dens
threadedCompositePipeline 1
numThreads: 8
noTbb: 1
Done reading AMR
19385 blocks
Spawn 8 threads
Spawn 8 threads
time: 2.37179 seconds
974628 polygons in 19385 blocks
