./contouramr --bigdata --numThreads 0
data set: /home/leo/pvdata/smooth.flash, dens
threadedCompositePipeline 0
numThreads: 0
noTbb: 0
Done reading AMR
19385 blocks
time: 4.92333 seconds
974628 polygons in 19385 blocks
./contouramr --bigdata --numThreads 0
data set: /home/leo/pvdata/smooth.flash, dens
threadedCompositePipeline 0
numThreads: 0
noTbb: 0
Done reading AMR
19385 blocks
time: 4.91025 seconds
974628 polygons in 19385 blocks
./contouramr --bigdata --numThreads 0
data set: /home/leo/pvdata/smooth.flash, dens
threadedCompositePipeline 0
numThreads: 0
noTbb: 0
Done reading AMR
19385 blocks
time: 4.95437 seconds
974628 polygons in 19385 blocks
./contouramr --bigdata --numThreads 0
data set: /home/leo/pvdata/smooth.flash, dens
threadedCompositePipeline 0
numThreads: 0
noTbb: 0
Done reading AMR
19385 blocks
time: 4.93439 seconds
974628 polygons in 19385 blocks
./contouramr --bigdata --numThreads 0
data set: /home/leo/pvdata/smooth.flash, dens
threadedCompositePipeline 0
numThreads: 0
noTbb: 0
Done reading AMR
19385 blocks
time: 4.91698 seconds
974628 polygons in 19385 blocks
./contouramr --bigdata --numThreads 0
data set: /home/leo/pvdata/smooth.flash, dens
threadedCompositePipeline 0
numThreads: 0
noTbb: 0
Done reading AMR
19385 blocks
time: 4.92682 seconds
974628 polygons in 19385 blocks
./contouramr --bigdata --numThreads 0
data set: /home/leo/pvdata/smooth.flash, dens
threadedCompositePipeline 0
numThreads: 0
noTbb: 0
Done reading AMR
19385 blocks
time: 4.92607 seconds
974628 polygons in 19385 blocks
./contouramr --bigdata --numThreads 0
data set: /home/leo/pvdata/smooth.flash, dens
threadedCompositePipeline 0
numThreads: 0
noTbb: 0
Done reading AMR
19385 blocks
time: 4.91595 seconds
974628 polygons in 19385 blocks
./contouramr --bigdata --numThreads 0
data set: /home/leo/pvdata/smooth.flash, dens
threadedCompositePipeline 0
numThreads: 0
noTbb: 0
Done reading AMR
19385 blocks
time: 4.9147 seconds
974628 polygons in 19385 blocks
./contouramr --bigdata --numThreads 0
data set: /home/leo/pvdata/smooth.flash, dens
threadedCompositePipeline 0
numThreads: 0
noTbb: 0
Done reading AMR
19385 blocks
time: 4.93434 seconds
974628 polygons in 19385 blocks
./contouramr --bigdata --numThreads 2
data set: /home/leo/pvdata/smooth.flash, dens
threadedCompositePipeline 1
numThreads: 2
noTbb: 0
Done reading AMR
19385 blocks
time: 2.9737 seconds
974628 polygons in 19385 blocks
./contouramr --bigdata --numThreads 2
data set: /home/leo/pvdata/smooth.flash, dens
threadedCompositePipeline 1
numThreads: 2
noTbb: 0
Done reading AMR
19385 blocks
time: 2.95242 seconds
974628 polygons in 19385 blocks
./contouramr --bigdata --numThreads 2
data set: /home/leo/pvdata/smooth.flash, dens
threadedCompositePipeline 1
numThreads: 2
noTbb: 0
Done reading AMR
19385 blocks
time: 2.97698 seconds
974628 polygons in 19385 blocks
./contouramr --bigdata --numThreads 2
data set: /home/leo/pvdata/smooth.flash, dens
threadedCompositePipeline 1
numThreads: 2
noTbb: 0
Done reading AMR
19385 blocks
time: 3.00489 seconds
974628 polygons in 19385 blocks
./contouramr --bigdata --numThreads 2
data set: /home/leo/pvdata/smooth.flash, dens
threadedCompositePipeline 1
numThreads: 2
noTbb: 0
Done reading AMR
19385 blocks
time: 2.96776 seconds
974628 polygons in 19385 blocks
./contouramr --bigdata --numThreads 2
data set: /home/leo/pvdata/smooth.flash, dens
threadedCompositePipeline 1
numThreads: 2
noTbb: 0
Done reading AMR
19385 blocks
time: 2.99266 seconds
974628 polygons in 19385 blocks
./contouramr --bigdata --numThreads 2
data set: /home/leo/pvdata/smooth.flash, dens
threadedCompositePipeline 1
numThreads: 2
noTbb: 0
Done reading AMR
19385 blocks
time: 2.99921 seconds
974628 polygons in 19385 blocks
./contouramr --bigdata --numThreads 2
data set: /home/leo/pvdata/smooth.flash, dens
threadedCompositePipeline 1
numThreads: 2
noTbb: 0
Done reading AMR
19385 blocks
time: 2.95479 seconds
974628 polygons in 19385 blocks
./contouramr --bigdata --numThreads 2
data set: /home/leo/pvdata/smooth.flash, dens
threadedCompositePipeline 1
numThreads: 2
noTbb: 0
Done reading AMR
19385 blocks
time: 2.89386 seconds
974628 polygons in 19385 blocks
./contouramr --bigdata --numThreads 2
data set: /home/leo/pvdata/smooth.flash, dens
threadedCompositePipeline 1
numThreads: 2
noTbb: 0
Done reading AMR
19385 blocks
time: 2.97177 seconds
974628 polygons in 19385 blocks
./contouramr --bigdata --numThreads 3
data set: /home/leo/pvdata/smooth.flash, dens
threadedCompositePipeline 1
numThreads: 3
noTbb: 0
Done reading AMR
19385 blocks
time: 2.28687 seconds
974628 polygons in 19385 blocks
./contouramr --bigdata --numThreads 3
data set: /home/leo/pvdata/smooth.flash, dens
threadedCompositePipeline 1
numThreads: 3
noTbb: 0
Done reading AMR
19385 blocks
time: 2.32364 seconds
974628 polygons in 19385 blocks
./contouramr --bigdata --numThreads 3
data set: /home/leo/pvdata/smooth.flash, dens
threadedCompositePipeline 1
numThreads: 3
noTbb: 0
Done reading AMR
19385 blocks
time: 2.32328 seconds
974628 polygons in 19385 blocks
./contouramr --bigdata --numThreads 3
data set: /home/leo/pvdata/smooth.flash, dens
threadedCompositePipeline 1
numThreads: 3
noTbb: 0
Done reading AMR
19385 blocks
time: 2.33734 seconds
974628 polygons in 19385 blocks
./contouramr --bigdata --numThreads 3
data set: /home/leo/pvdata/smooth.flash, dens
threadedCompositePipeline 1
numThreads: 3
noTbb: 0
Done reading AMR
19385 blocks
time: 2.31284 seconds
974628 polygons in 19385 blocks
./contouramr --bigdata --numThreads 3
data set: /home/leo/pvdata/smooth.flash, dens
threadedCompositePipeline 1
numThreads: 3
noTbb: 0
Done reading AMR
19385 blocks
time: 2.28201 seconds
974628 polygons in 19385 blocks
./contouramr --bigdata --numThreads 3
data set: /home/leo/pvdata/smooth.flash, dens
threadedCompositePipeline 1
numThreads: 3
noTbb: 0
Done reading AMR
19385 blocks
time: 2.31407 seconds
974628 polygons in 19385 blocks
./contouramr --bigdata --numThreads 3
data set: /home/leo/pvdata/smooth.flash, dens
threadedCompositePipeline 1
numThreads: 3
noTbb: 0
Done reading AMR
19385 blocks
time: 2.30373 seconds
974628 polygons in 19385 blocks
./contouramr --bigdata --numThreads 3
data set: /home/leo/pvdata/smooth.flash, dens
threadedCompositePipeline 1
numThreads: 3
noTbb: 0
Done reading AMR
19385 blocks
time: 2.30924 seconds
974628 polygons in 19385 blocks
./contouramr --bigdata --numThreads 3
data set: /home/leo/pvdata/smooth.flash, dens
threadedCompositePipeline 1
numThreads: 3
noTbb: 0
Done reading AMR
19385 blocks
time: 2.30472 seconds
974628 polygons in 19385 blocks
./contouramr --bigdata --numThreads 4
data set: /home/leo/pvdata/smooth.flash, dens
threadedCompositePipeline 1
numThreads: 4
noTbb: 0
Done reading AMR
19385 blocks
time: 2.07323 seconds
974628 polygons in 19385 blocks
./contouramr --bigdata --numThreads 4
data set: /home/leo/pvdata/smooth.flash, dens
threadedCompositePipeline 1
numThreads: 4
noTbb: 0
Done reading AMR
19385 blocks
time: 2.10792 seconds
974628 polygons in 19385 blocks
./contouramr --bigdata --numThreads 4
data set: /home/leo/pvdata/smooth.flash, dens
threadedCompositePipeline 1
numThreads: 4
noTbb: 0
Done reading AMR
19385 blocks
time: 2.15504 seconds
974628 polygons in 19385 blocks
./contouramr --bigdata --numThreads 4
data set: /home/leo/pvdata/smooth.flash, dens
threadedCompositePipeline 1
numThreads: 4
noTbb: 0
Done reading AMR
19385 blocks
time: 1.82584 seconds
974628 polygons in 19385 blocks
./contouramr --bigdata --numThreads 4
data set: /home/leo/pvdata/smooth.flash, dens
threadedCompositePipeline 1
numThreads: 4
noTbb: 0
Done reading AMR
19385 blocks
time: 2.23454 seconds
974628 polygons in 19385 blocks
./contouramr --bigdata --numThreads 4
data set: /home/leo/pvdata/smooth.flash, dens
threadedCompositePipeline 1
numThreads: 4
noTbb: 0
Done reading AMR
19385 blocks
time: 2.16068 seconds
974628 polygons in 19385 blocks
./contouramr --bigdata --numThreads 4
data set: /home/leo/pvdata/smooth.flash, dens
threadedCompositePipeline 1
numThreads: 4
noTbb: 0
Done reading AMR
19385 blocks
time: 2.15404 seconds
974628 polygons in 19385 blocks
./contouramr --bigdata --numThreads 4
data set: /home/leo/pvdata/smooth.flash, dens
threadedCompositePipeline 1
numThreads: 4
noTbb: 0
Done reading AMR
19385 blocks
time: 2.10978 seconds
974628 polygons in 19385 blocks
./contouramr --bigdata --numThreads 4
data set: /home/leo/pvdata/smooth.flash, dens
threadedCompositePipeline 1
numThreads: 4
noTbb: 0
Done reading AMR
19385 blocks
time: 2.13259 seconds
974628 polygons in 19385 blocks
./contouramr --bigdata --numThreads 4
data set: /home/leo/pvdata/smooth.flash, dens
threadedCompositePipeline 1
numThreads: 4
noTbb: 0
Done reading AMR
19385 blocks
time: 2.175 seconds
974628 polygons in 19385 blocks
./contouramr --bigdata --numThreads 5
data set: /home/leo/pvdata/smooth.flash, dens
threadedCompositePipeline 1
numThreads: 5
noTbb: 0
Done reading AMR
19385 blocks
time: 2.15473 seconds
974628 polygons in 19385 blocks
./contouramr --bigdata --numThreads 5
data set: /home/leo/pvdata/smooth.flash, dens
threadedCompositePipeline 1
numThreads: 5
noTbb: 0
Done reading AMR
19385 blocks
time: 2.09607 seconds
974628 polygons in 19385 blocks
./contouramr --bigdata --numThreads 5
data set: /home/leo/pvdata/smooth.flash, dens
threadedCompositePipeline 1
numThreads: 5
noTbb: 0
Done reading AMR
19385 blocks
time: 1.99431 seconds
974628 polygons in 19385 blocks
./contouramr --bigdata --numThreads 5
data set: /home/leo/pvdata/smooth.flash, dens
threadedCompositePipeline 1
numThreads: 5
noTbb: 0
Done reading AMR
19385 blocks
time: 2.06932 seconds
974628 polygons in 19385 blocks
./contouramr --bigdata --numThreads 5
data set: /home/leo/pvdata/smooth.flash, dens
threadedCompositePipeline 1
numThreads: 5
noTbb: 0
Done reading AMR
19385 blocks
time: 2.07891 seconds
974628 polygons in 19385 blocks
./contouramr --bigdata --numThreads 5
data set: /home/leo/pvdata/smooth.flash, dens
threadedCompositePipeline 1
numThreads: 5
noTbb: 0
Done reading AMR
19385 blocks
time: 2.08963 seconds
974628 polygons in 19385 blocks
./contouramr --bigdata --numThreads 5
data set: /home/leo/pvdata/smooth.flash, dens
threadedCompositePipeline 1
numThreads: 5
noTbb: 0
Done reading AMR
19385 blocks
time: 2.04008 seconds
974628 polygons in 19385 blocks
./contouramr --bigdata --numThreads 5
data set: /home/leo/pvdata/smooth.flash, dens
threadedCompositePipeline 1
numThreads: 5
noTbb: 0
Done reading AMR
19385 blocks
time: 2.18391 seconds
974628 polygons in 19385 blocks
./contouramr --bigdata --numThreads 5
data set: /home/leo/pvdata/smooth.flash, dens
threadedCompositePipeline 1
numThreads: 5
noTbb: 0
Done reading AMR
19385 blocks
time: 1.98272 seconds
974628 polygons in 19385 blocks
./contouramr --bigdata --numThreads 5
data set: /home/leo/pvdata/smooth.flash, dens
threadedCompositePipeline 1
numThreads: 5
noTbb: 0
Done reading AMR
19385 blocks
time: 2.2176 seconds
974628 polygons in 19385 blocks
./contouramr --bigdata --numThreads 6
data set: /home/leo/pvdata/smooth.flash, dens
threadedCompositePipeline 1
numThreads: 6
noTbb: 0
Done reading AMR
19385 blocks
time: 2.16075 seconds
974628 polygons in 19385 blocks
./contouramr --bigdata --numThreads 6
data set: /home/leo/pvdata/smooth.flash, dens
threadedCompositePipeline 1
numThreads: 6
noTbb: 0
Done reading AMR
19385 blocks
time: 2.16522 seconds
974628 polygons in 19385 blocks
./contouramr --bigdata --numThreads 6
data set: /home/leo/pvdata/smooth.flash, dens
threadedCompositePipeline 1
numThreads: 6
noTbb: 0
Done reading AMR
19385 blocks
time: 2.11512 seconds
974628 polygons in 19385 blocks
./contouramr --bigdata --numThreads 6
data set: /home/leo/pvdata/smooth.flash, dens
threadedCompositePipeline 1
numThreads: 6
noTbb: 0
Done reading AMR
19385 blocks
time: 2.19565 seconds
974628 polygons in 19385 blocks
./contouramr --bigdata --numThreads 6
data set: /home/leo/pvdata/smooth.flash, dens
threadedCompositePipeline 1
numThreads: 6
noTbb: 0
Done reading AMR
19385 blocks
time: 2.19421 seconds
974628 polygons in 19385 blocks
./contouramr --bigdata --numThreads 6
data set: /home/leo/pvdata/smooth.flash, dens
threadedCompositePipeline 1
numThreads: 6
noTbb: 0
Done reading AMR
19385 blocks
time: 2.11235 seconds
974628 polygons in 19385 blocks
./contouramr --bigdata --numThreads 6
data set: /home/leo/pvdata/smooth.flash, dens
threadedCompositePipeline 1
numThreads: 6
noTbb: 0
Done reading AMR
19385 blocks
time: 2.02835 seconds
974628 polygons in 19385 blocks
./contouramr --bigdata --numThreads 6
data set: /home/leo/pvdata/smooth.flash, dens
threadedCompositePipeline 1
numThreads: 6
noTbb: 0
Done reading AMR
19385 blocks
time: 2.18355 seconds
974628 polygons in 19385 blocks
./contouramr --bigdata --numThreads 6
data set: /home/leo/pvdata/smooth.flash, dens
threadedCompositePipeline 1
numThreads: 6
noTbb: 0
Done reading AMR
19385 blocks
time: 2.08251 seconds
974628 polygons in 19385 blocks
./contouramr --bigdata --numThreads 6
data set: /home/leo/pvdata/smooth.flash, dens
threadedCompositePipeline 1
numThreads: 6
noTbb: 0
Done reading AMR
19385 blocks
time: 2.31607 seconds
974628 polygons in 19385 blocks
./contouramr --bigdata --numThreads 7
data set: /home/leo/pvdata/smooth.flash, dens
threadedCompositePipeline 1
numThreads: 7
noTbb: 0
Done reading AMR
19385 blocks
time: 2.2203 seconds
974628 polygons in 19385 blocks
./contouramr --bigdata --numThreads 7
data set: /home/leo/pvdata/smooth.flash, dens
threadedCompositePipeline 1
numThreads: 7
noTbb: 0
Done reading AMR
19385 blocks
time: 2.16908 seconds
974628 polygons in 19385 blocks
./contouramr --bigdata --numThreads 7
data set: /home/leo/pvdata/smooth.flash, dens
threadedCompositePipeline 1
numThreads: 7
noTbb: 0
Done reading AMR
19385 blocks
time: 2.20247 seconds
974628 polygons in 19385 blocks
./contouramr --bigdata --numThreads 7
data set: /home/leo/pvdata/smooth.flash, dens
threadedCompositePipeline 1
numThreads: 7
noTbb: 0
Done reading AMR
19385 blocks
time: 2.23623 seconds
974628 polygons in 19385 blocks
./contouramr --bigdata --numThreads 7
data set: /home/leo/pvdata/smooth.flash, dens
threadedCompositePipeline 1
numThreads: 7
noTbb: 0
Done reading AMR
19385 blocks
time: 2.32616 seconds
974628 polygons in 19385 blocks
./contouramr --bigdata --numThreads 7
data set: /home/leo/pvdata/smooth.flash, dens
threadedCompositePipeline 1
numThreads: 7
noTbb: 0
Done reading AMR
19385 blocks
time: 2.1934 seconds
974628 polygons in 19385 blocks
./contouramr --bigdata --numThreads 7
data set: /home/leo/pvdata/smooth.flash, dens
threadedCompositePipeline 1
numThreads: 7
noTbb: 0
Done reading AMR
19385 blocks
time: 2.15302 seconds
974628 polygons in 19385 blocks
./contouramr --bigdata --numThreads 7
data set: /home/leo/pvdata/smooth.flash, dens
threadedCompositePipeline 1
numThreads: 7
noTbb: 0
Done reading AMR
19385 blocks
time: 2.31687 seconds
974628 polygons in 19385 blocks
./contouramr --bigdata --numThreads 7
data set: /home/leo/pvdata/smooth.flash, dens
threadedCompositePipeline 1
numThreads: 7
noTbb: 0
Done reading AMR
19385 blocks
time: 2.23355 seconds
974628 polygons in 19385 blocks
./contouramr --bigdata --numThreads 7
data set: /home/leo/pvdata/smooth.flash, dens
threadedCompositePipeline 1
numThreads: 7
noTbb: 0
Done reading AMR
19385 blocks
time: 2.20514 seconds
974628 polygons in 19385 blocks
./contouramr --bigdata --numThreads 8
data set: /home/leo/pvdata/smooth.flash, dens
threadedCompositePipeline 1
numThreads: 8
noTbb: 0
Done reading AMR
19385 blocks
time: 2.38324 seconds
974628 polygons in 19385 blocks
./contouramr --bigdata --numThreads 8
data set: /home/leo/pvdata/smooth.flash, dens
threadedCompositePipeline 1
numThreads: 8
noTbb: 0
Done reading AMR
19385 blocks
time: 2.2387 seconds
974628 polygons in 19385 blocks
./contouramr --bigdata --numThreads 8
data set: /home/leo/pvdata/smooth.flash, dens
threadedCompositePipeline 1
numThreads: 8
noTbb: 0
Done reading AMR
19385 blocks
time: 2.468 seconds
974628 polygons in 19385 blocks
./contouramr --bigdata --numThreads 8
data set: /home/leo/pvdata/smooth.flash, dens
threadedCompositePipeline 1
numThreads: 8
noTbb: 0
Done reading AMR
19385 blocks
time: 2.30662 seconds
974628 polygons in 19385 blocks
./contouramr --bigdata --numThreads 8
data set: /home/leo/pvdata/smooth.flash, dens
threadedCompositePipeline 1
numThreads: 8
noTbb: 0
Done reading AMR
19385 blocks
time: 2.2806 seconds
974628 polygons in 19385 blocks
./contouramr --bigdata --numThreads 8
data set: /home/leo/pvdata/smooth.flash, dens
threadedCompositePipeline 1
numThreads: 8
noTbb: 0
Done reading AMR
19385 blocks
time: 2.53977 seconds
974628 polygons in 19385 blocks
./contouramr --bigdata --numThreads 8
data set: /home/leo/pvdata/smooth.flash, dens
threadedCompositePipeline 1
numThreads: 8
noTbb: 0
Done reading AMR
19385 blocks
time: 2.4153 seconds
974628 polygons in 19385 blocks
./contouramr --bigdata --numThreads 8
data set: /home/leo/pvdata/smooth.flash, dens
threadedCompositePipeline 1
numThreads: 8
noTbb: 0
Done reading AMR
19385 blocks
time: 2.30284 seconds
974628 polygons in 19385 blocks
./contouramr --bigdata --numThreads 8
data set: /home/leo/pvdata/smooth.flash, dens
threadedCompositePipeline 1
numThreads: 8
noTbb: 0
Done reading AMR
19385 blocks
time: 2.3826 seconds
974628 polygons in 19385 blocks
./contouramr --bigdata --numThreads 8
data set: /home/leo/pvdata/smooth.flash, dens
threadedCompositePipeline 1
numThreads: 8
noTbb: 0
Done reading AMR
19385 blocks
time: 2.34539 seconds
974628 polygons in 19385 blocks
