8 threads
64 pieces
range: 3.03912e-15 0.114298
Set contour value: 0.07
Merge took 0.233415 seconds
Report output
time: 0.814114 seconds
2376321 points, 4737950 cells 4737950 cell data values
8 threads
64 pieces
range: 3.03912e-15 0.114298
Set contour value: 0.07
Merge took 0.236909 seconds
Report output
time: 0.752545 seconds
2376321 points, 4737950 cells 4737950 cell data values
8 threads
64 pieces
range: 3.03912e-15 0.114298
Set contour value: 0.07
Merge took 0.231825 seconds
Report output
time: 0.753357 seconds
2376321 points, 4737950 cells 4737950 cell data values
8 threads
64 pieces
range: 3.03912e-15 0.114298
Set contour value: 0.07
Merge took 0.237078 seconds
Report output
time: 0.822626 seconds
2376321 points, 4737950 cells 4737950 cell data values
8 threads
64 pieces
range: 3.03912e-15 0.114298
Set contour value: 0.07
Merge took 0.23289 seconds
Report output
time: 0.717962 seconds
2376321 points, 4737950 cells 4737950 cell data values
8 threads
64 pieces
range: 3.03912e-15 0.114298
Set contour value: 0.07
Merge took 0.234168 seconds
Report output
time: 0.716786 seconds
2376321 points, 4737950 cells 4737950 cell data values
8 threads
64 pieces
range: 3.03912e-15 0.114298
Set contour value: 0.07
Merge took 0.238626 seconds
Report output
time: 0.744809 seconds
2376321 points, 4737950 cells 4737950 cell data values
8 threads
64 pieces
range: 3.03912e-15 0.114298
Set contour value: 0.07
Merge took 0.233427 seconds
Report output
time: 0.703972 seconds
2376321 points, 4737950 cells 4737950 cell data values
8 threads
64 pieces
range: 3.03912e-15 0.114298
Set contour value: 0.07
Merge took 0.232715 seconds
Report output
time: 0.745021 seconds
2376321 points, 4737950 cells 4737950 cell data values
8 threads
64 pieces
range: 3.03912e-15 0.114298
Set contour value: 0.07
Merge took 0.232108 seconds
Report output
time: 0.71289 seconds
2376321 points, 4737950 cells 4737950 cell data values
