8 threads
64 pieces
range: 3.03912e-15 0.114298
Set contour value: 0.07
Merge took -1.35697e+09 seconds
Report output
time: 0.459482 seconds
0 points, 0 cells 0 cell data values
8 threads
64 pieces
range: 3.03912e-15 0.114298
Set contour value: 0.07
Merge took -1.35697e+09 seconds
Report output
time: 0.47709 seconds
0 points, 0 cells 0 cell data values
8 threads
64 pieces
range: 3.03912e-15 0.114298
Set contour value: 0.07
Merge took -1.35697e+09 seconds
Report output
time: 0.494744 seconds
0 points, 0 cells 0 cell data values
8 threads
64 pieces
range: 3.03912e-15 0.114298
Set contour value: 0.07
Merge took -1.35697e+09 seconds
Report output
time: 0.48471 seconds
0 points, 0 cells 0 cell data values
8 threads
64 pieces
range: 3.03912e-15 0.114298
Set contour value: 0.07
Merge took -1.35697e+09 seconds
Report output
time: 0.490553 seconds
0 points, 0 cells 0 cell data values
8 threads
64 pieces
range: 3.03912e-15 0.114298
Set contour value: 0.07
Merge took -1.35697e+09 seconds
Report output
time: 0.487343 seconds
0 points, 0 cells 0 cell data values
8 threads
64 pieces
range: 3.03912e-15 0.114298
Set contour value: 0.07
Merge took -1.35697e+09 seconds
Report output
time: 0.515476 seconds
0 points, 0 cells 0 cell data values
8 threads
64 pieces
range: 3.03912e-15 0.114298
Set contour value: 0.07
Merge took -1.35697e+09 seconds
Report output
time: 0.475434 seconds
0 points, 0 cells 0 cell data values
8 threads
64 pieces
range: 3.03912e-15 0.114298
Set contour value: 0.07
Merge took -1.35697e+09 seconds
Report output
time: 0.483899 seconds
0 points, 0 cells 0 cell data values
8 threads
64 pieces
range: 3.03912e-15 0.114298
Set contour value: 0.07
Merge took -1.35697e+09 seconds
Report output
time: 0.476184 seconds
0 points, 0 cells 0 cell data values
