big data: 1
threadedCompositePipeline 1
numThreads: 1
noTbb: 1
/home/leo/pvdata/smooth.flash
Done reading AMR
Spawn 1 threads
Spawn 1 threads
time: 13.0833 seconds
974628 polygons
big data: 1
threadedCompositePipeline 1
numThreads: 2
noTbb: 1
/home/leo/pvdata/smooth.flash
Done reading AMR
Spawn 2 threads
Spawn 2 threads
time: 6.91649 seconds
974628 polygons
big data: 1
threadedCompositePipeline 1
numThreads: 3
noTbb: 1
/home/leo/pvdata/smooth.flash
Done reading AMR
Spawn 3 threads
Spawn 3 threads
time: 4.74678 seconds
974628 polygons
big data: 1
threadedCompositePipeline 1
numThreads: 4
noTbb: 1
/home/leo/pvdata/smooth.flash
Done reading AMR
Spawn 4 threads
Spawn 4 threads
time: 3.77139 seconds
974628 polygons
big data: 1
threadedCompositePipeline 1
numThreads: 5
noTbb: 1
/home/leo/pvdata/smooth.flash
Done reading AMR
Spawn 5 threads
Spawn 5 threads
time: 3.15752 seconds
974628 polygons
big data: 1
threadedCompositePipeline 1
numThreads: 6
noTbb: 1
/home/leo/pvdata/smooth.flash
Done reading AMR
Spawn 6 threads
Spawn 6 threads
time: 2.79321 seconds
974628 polygons
big data: 1
threadedCompositePipeline 1
numThreads: 7
noTbb: 1
/home/leo/pvdata/smooth.flash
Done reading AMR
Spawn 7 threads
Spawn 7 threads
time: 2.50436 seconds
974628 polygons
big data: 1
threadedCompositePipeline 1
numThreads: 8
noTbb: 1
/home/leo/pvdata/smooth.flash
Done reading AMR
Spawn 8 threads
Spawn 8 threads
time: 2.40564 seconds
974628 polygons
