big data: 1
threadedCompositePipeline 1
numThreads: 1
noTbb: 1
/home/leo/pvdata/smooth.flash
Done reading AMR
Spawn 1 threads
Spawn 1 threads
time: 13.0875 seconds
974628 polygons
big data: 1
threadedCompositePipeline 1
numThreads: 2
noTbb: 1
/home/leo/pvdata/smooth.flash
Done reading AMR
Spawn 2 threads
Spawn 2 threads
time: 6.94798 seconds
974628 polygons
big data: 1
threadedCompositePipeline 1
numThreads: 3
noTbb: 1
/home/leo/pvdata/smooth.flash
Done reading AMR
Spawn 3 threads
Spawn 3 threads
time: 4.76016 seconds
974628 polygons
big data: 1
threadedCompositePipeline 1
numThreads: 4
noTbb: 1
/home/leo/pvdata/smooth.flash
Done reading AMR
Spawn 4 threads
Spawn 4 threads
time: 3.67603 seconds
974628 polygons
big data: 1
threadedCompositePipeline 1
numThreads: 5
noTbb: 1
/home/leo/pvdata/smooth.flash
Done reading AMR
Spawn 5 threads
Spawn 5 threads
time: 3.16983 seconds
974628 polygons
big data: 1
threadedCompositePipeline 1
numThreads: 6
noTbb: 1
/home/leo/pvdata/smooth.flash
Done reading AMR
Spawn 6 threads
Spawn 6 threads
time: 2.78821 seconds
974628 polygons
big data: 1
threadedCompositePipeline 1
numThreads: 7
noTbb: 1
/home/leo/pvdata/smooth.flash
Done reading AMR
Spawn 7 threads
Spawn 7 threads
time: 2.48014 seconds
974628 polygons
big data: 1
threadedCompositePipeline 1
numThreads: 8
noTbb: 1
/home/leo/pvdata/smooth.flash
Done reading AMR
Spawn 8 threads
Spawn 8 threads
time: 2.40794 seconds
974628 polygons
